TN:
SF:source/index.js
FN:2,module.exports
FNF:1
FNH:1
FNDA:1,module.exports
DA:1,1
DA:2,1
DA:3,1
DA:4,1
LF:4
LH:4
BRDA:4,0,0,2
BRDA:2,1,0,1
BRF:2
BRH:2
end_of_record
TN:
SF:source/library/asset.js
FN:26,_interopRequireDefault
FN:8,Asset
FN:26,generate
FNF:3
FNH:3
FNDA:2,_interopRequireDefault
FNDA:3,Asset
FNDA:1,generate
DA:1,1
DA:2,1
DA:3,1
DA:4,1
DA:5,1
DA:6,1
DA:7,1
DA:8,1
DA:9,3
DA:10,3
DA:11,3
DA:12,3
DA:13,3
DA:14,1
DA:15,1
DA:16,1
DA:17,1
DA:18,1
DA:19,1
DA:20,1
DA:21,1
DA:22,1
DA:23,1
DA:24,1
DA:25,1
DA:26,1
LF:26
LH:26
BRDA:26,0,0,2
BRDA:26,1,0,2
BRDA:26,2,0,2
BRDA:4,3,0,0
BRDA:8,4,0,3
BRDA:26,5,0,1
BRF:6
BRH:5
end_of_record
